<?xml version="1.0" encoding="UTF-8"?>
<!-- Generated by org.testng.reporters.JUnitReportReporter -->
<testsuite hostname="Julious-PC" name="com.actitime.test.createCustomerTestNG" tests="1" failures="0" timestamp="2 Oct 2018 14:03:31 GMT" time="23.468" errors="0">
  <testcase name="createCustomer" time="23.468" classname="com.actitime.test.createCustomerTestNG"/>
</testsuite> <!-- com.actitime.test.createCustomerTestNG -->
