<?xml version="1.0" encoding="UTF-8"?>
<!-- Generated by org.testng.reporters.JUnitReportReporter -->
<testsuite skipped="0" hostname="SAIKAT" name="assertionVerify.Soft" tests="2" failures="0" timestamp="03 Nov 2018 07:24:13 GMT" time="0.026" errors="0">
  <testcase name="test1" time="0.026" classname="assertionVerify.Soft"/>
  <testcase name="test2" time="0.000" classname="assertionVerify.Soft"/>
</testsuite> <!-- assertionVerify.Soft -->
