<?xml version="1.0" encoding="UTF-8"?>
<!-- Generated by org.testng.reporters.JUnitReportReporter -->
<testsuite skipped="0" hostname="Julious-PC" name="com.actitime.test.customernameTestNG" tests="2" failures="0" timestamp="02 Oct 2018 17:23:56 GMT" time="42.267" errors="0">
  <testcase name="createCustomer" time="22.147" classname="com.actitime.test.customernameTestNG"/>
  <testcase name="createCustomer" time="20.120" classname="com.actitime.test.customernameTestNG"/>
</testsuite> <!-- com.actitime.test.customernameTestNG -->
