<?xml version="1.0" encoding="UTF-8"?>
<!-- Generated by org.testng.reporters.JUnitReportReporter -->
<testsuite skipped="0" hostname="Julious-PC" name="com.actitime.test.createUserTestNG" tests="1" failures="0" timestamp="02 Oct 2018 14:08:38 GMT" time="27.559" errors="0">
  <testcase name="createUser" time="27.559" classname="com.actitime.test.createUserTestNG"/>
</testsuite> <!-- com.actitime.test.createUserTestNG -->
