<?xml version="1.0" encoding="UTF-8"?>
<!-- Generated by org.testng.reporters.JUnitReportReporter -->
<testsuite hostname="Julious-PC" name="NewTest" tests="1" failures="0" timestamp="1 Oct 2018 17:04:46 GMT" time="0.035" errors="0">
  <testcase name="f" time="0.035" classname="NewTest"/>
</testsuite> <!-- NewTest -->
