<?xml version="1.0" encoding="UTF-8"?>
<!-- Generated by org.testng.reporters.JUnitReportReporter -->
<testsuite skipped="0" hostname="Julious-PC" name="testNG.customernameTestNG" tests="2" failures="0" timestamp="02 Oct 2018 17:36:29 GMT" time="41.348" errors="0">
  <testcase name="createCustomer" time="21.806" classname="testNG.customernameTestNG"/>
  <testcase name="createCustomer" time="19.542" classname="testNG.customernameTestNG"/>
</testsuite> <!-- testNG.customernameTestNG -->
